[debug] [2020-05-24T17:41:05.818Z] ----------------------------------------------------------------------
[debug] [2020-05-24T17:41:05.821Z] Command:       /usr/local/bin/node /usr/local/bin/firebase deploy
[debug] [2020-05-24T17:41:05.821Z] CLI Version:   8.2.0
[debug] [2020-05-24T17:41:05.822Z] Platform:      darwin
[debug] [2020-05-24T17:41:05.822Z] Node Version:  v14.0.0
[debug] [2020-05-24T17:41:05.823Z] Time:          Mon May 25 2020 02:41:05 GMT+0900 (Japan Standard Time)
[debug] [2020-05-24T17:41:05.824Z] ----------------------------------------------------------------------
[debug] [2020-05-24T17:41:05.824Z] 
[debug] [2020-05-24T17:41:05.837Z] > command requires scopes: ["email","openid","https://www.googleapis.com/auth/cloudplatformprojects.readonly","https://www.googleapis.com/auth/firebase","https://www.googleapis.com/auth/cloud-platform"]
[debug] [2020-05-24T17:41:05.838Z] > authorizing via signed-in user
[debug] [2020-05-24T17:41:05.838Z] [iam] checking project playdotall for permissions ["firebase.projects.get","firebasehosting.sites.update"]
[debug] [2020-05-24T17:41:05.843Z] >>> HTTP REQUEST POST https://cloudresourcemanager.googleapis.com/v1/projects/playdotall:testIamPermissions  
 {"permissions":["firebase.projects.get","firebasehosting.sites.update"]}
[debug] [2020-05-24T17:41:06.630Z] <<< HTTP RESPONSE 200 {"content-type":"application/json; charset=UTF-8","vary":"X-Origin, Referer, Origin,Accept-Encoding","date":"Sun, 24 May 2020 17:41:06 GMT","server":"ESF","cache-control":"private","x-xss-protection":"0","x-frame-options":"SAMEORIGIN","x-content-type-options":"nosniff","server-timing":"gfet4t7; dur=571","alt-svc":"h3-27=\":443\"; ma=2592000,h3-25=\":443\"; ma=2592000,h3-T050=\":443\"; ma=2592000,h3-Q050=\":443\"; ma=2592000,h3-Q049=\":443\"; ma=2592000,h3-Q048=\":443\"; ma=2592000,h3-Q046=\":443\"; ma=2592000,h3-Q043=\":443\"; ma=2592000,quic=\":443\"; ma=2592000; v=\"46,43\"","accept-ranges":"none","transfer-encoding":"chunked"}
[debug] [2020-05-24T17:41:06.639Z] >>> HTTP REQUEST GET https://firebase.googleapis.com/v1beta1/projects/playdotall  
 
[debug] [2020-05-24T17:41:07.156Z] <<< HTTP RESPONSE 200 {"content-type":"application/json; charset=UTF-8","vary":"X-Origin, Referer, Origin,Accept-Encoding","date":"Sun, 24 May 2020 17:41:06 GMT","server":"ESF","cache-control":"private","x-xss-protection":"0","x-frame-options":"SAMEORIGIN","x-content-type-options":"nosniff","alt-svc":"h3-27=\":443\"; ma=2592000,h3-25=\":443\"; ma=2592000,h3-T050=\":443\"; ma=2592000,h3-Q050=\":443\"; ma=2592000,h3-Q049=\":443\"; ma=2592000,h3-Q048=\":443\"; ma=2592000,h3-Q046=\":443\"; ma=2592000,h3-Q043=\":443\"; ma=2592000,quic=\":443\"; ma=2592000; v=\"46,43\"","accept-ranges":"none","transfer-encoding":"chunked"}
[info] 
[info] === Deploying to 'playdotall'...
[info] 
[info] i  deploying hosting
[debug] [2020-05-24T17:41:07.163Z] >>> HTTP REQUEST POST https://firebasehosting.googleapis.com/v1beta1/sites/playdotall/versions  
 {"config":{"rewrites":[{"glob":"**","path":"/index.html"}]},"labels":{"deployment-tool":"cli-firebase"}}
[debug] [2020-05-24T17:41:07.763Z] <<< HTTP RESPONSE 200 {"content-type":"application/json; charset=UTF-8","vary":"X-Origin, Referer, Origin,Accept-Encoding","date":"Sun, 24 May 2020 17:41:07 GMT","server":"ESF","cache-control":"private","x-xss-protection":"0","x-frame-options":"SAMEORIGIN","x-content-type-options":"nosniff","alt-svc":"h3-27=\":443\"; ma=2592000,h3-25=\":443\"; ma=2592000,h3-T050=\":443\"; ma=2592000,h3-Q050=\":443\"; ma=2592000,h3-Q049=\":443\"; ma=2592000,h3-Q048=\":443\"; ma=2592000,h3-Q046=\":443\"; ma=2592000,h3-Q043=\":443\"; ma=2592000,quic=\":443\"; ma=2592000; v=\"46,43\"","accept-ranges":"none","transfer-encoding":"chunked"}
[info] i  hosting[playdotall]: beginning deploy...
[info] i  hosting[playdotall]: found 18 files in build
[debug] [2020-05-24T17:41:08.843Z] [hosting] hash cache [YnVpbGQ] stored for 18 files
[debug] [2020-05-24T17:41:08.843Z] [hosting][hash queue][FINAL] {"max":1058,"min":27,"avg":95.38888888888889,"active":0,"complete":18,"success":18,"errored":0,"retried":0,"total":18,"elapsed":1067}
[debug] [2020-05-24T17:41:08.844Z] >>> HTTP REQUEST POST https://firebasehosting.googleapis.com/v1beta1/sites/playdotall/versions/764fe704e6741748:populateFiles  
 <request body omitted>
[debug] [2020-05-24T17:41:10.102Z] <<< HTTP RESPONSE 200 {"content-type":"application/json; charset=UTF-8","vary":"X-Origin, Referer, Origin,Accept-Encoding","date":"Sun, 24 May 2020 17:41:09 GMT","server":"ESF","cache-control":"private","x-xss-protection":"0","x-frame-options":"SAMEORIGIN","x-content-type-options":"nosniff","alt-svc":"h3-27=\":443\"; ma=2592000,h3-25=\":443\"; ma=2592000,h3-T050=\":443\"; ma=2592000,h3-Q050=\":443\"; ma=2592000,h3-Q049=\":443\"; ma=2592000,h3-Q048=\":443\"; ma=2592000,h3-Q046=\":443\"; ma=2592000,h3-Q043=\":443\"; ma=2592000,quic=\":443\"; ma=2592000; v=\"46,43\"","accept-ranges":"none","transfer-encoding":"chunked"}
[debug] [2020-05-24T17:41:10.107Z] [hosting][populate queue][FINAL] {"max":1262,"min":1262,"avg":1262,"active":0,"complete":1,"success":1,"errored":0,"retried":0,"total":1,"elapsed":1266}
[debug] [2020-05-24T17:41:10.107Z] [hosting] uploads queued: 4
